<?xml version="1.0" encoding="UTF-8"?>
<testsuite xmlns:xsi="http://www.w3.org/2001/XMLSchema-instance" xsi:noNamespaceSchemaLocation="https://maven.apache.org/surefire/maven-surefire-plugin/xsd/surefire-test-report-3.0.xsd" version="3.0" name="ch.hatbe.calculatingChat.commands.NetherCoordinatesCommandTest" time="0.18" tests="23" errors="0" skipped="0" failures="0">
  <properties>
[...]
</properties>
  <testcase name="calculateNetherCoordinates(int, int, int, int)[1]" classname="ch.hatbe.calculatingChat.commands.NetherCoordinatesCommandTest" time="0.048"/>
  <testcase name="calculateNetherCoordinates(int, int, int, int)[2]" classname="ch.hatbe.calculatingChat.commands.NetherCoordinatesCommandTest" time="0.001"/>
  <testcase name="calculateNetherCoordinates(int, int, int, int)[3]" classname="ch.hatbe.calculatingChat.commands.NetherCoordinatesCommandTest" time="0.001"/>
  <testcase name="calculateNetherCoordinates(int, int, int, int)[4]" classname="ch.hatbe.calculatingChat.commands.NetherCoordinatesCommandTest" time="0.001"/>
  <testcase name="calculateNetherCoordinates(int, int, int, int)[5]" classname="ch.hatbe.calculatingChat.commands.NetherCoordinatesCommandTest" time="0.002"/>
  <testcase name="calculateNetherCoordinates(int, int, int, int)[6]" classname="ch.hatbe.calculatingChat.commands.NetherCoordinatesCommandTest" time="0.001"/>
  <testcase name="calculateNetherCoordinates(int, int, int, int)[7]" classname="ch.hatbe.calculatingChat.commands.NetherCoordinatesCommandTest" time="0.001"/>
  <testcase name="calculateNetherCoordinates(int, int, int, int)[8]" classname="ch.hatbe.calculatingChat.commands.NetherCoordinatesCommandTest" time="0.001"/>
  <testcase name="calculateNetherCoordinates(int, int, int, int)[9]" classname="ch.hatbe.calculatingChat.commands.NetherCoordinatesCommandTest" time="0.0"/>
  <testcase name="calculateNetherCoordinates(int, int, int, int)[10]" classname="ch.hatbe.calculatingChat.commands.NetherCoordinatesCommandTest" time="0.001"/>
  <testcase name="calculateNetherCoordinates(int, int, int, int)[11]" classname="ch.hatbe.calculatingChat.commands.NetherCoordinatesCommandTest" time="0.002"/>
  <testcase name="calculateNetherCoordinates(int, int, int, int)[12]" classname="ch.hatbe.calculatingChat.commands.NetherCoordinatesCommandTest" time="0.002"/>
  <testcase name="calculateNetherCoordinates(int, int, int, int)[13]" classname="ch.hatbe.calculatingChat.commands.NetherCoordinatesCommandTest" time="0.001"/>
  <testcase name="calculateNetherCoordinates(int, int, int, int)[14]" classname="ch.hatbe.calculatingChat.commands.NetherCoordinatesCommandTest" time="0.003"/>
  <testcase name="calculateNetherCoordinates(int, int, int, int)[15]" classname="ch.hatbe.calculatingChat.commands.NetherCoordinatesCommandTest" time="0.002"/>
  <testcase name="calculateNetherCoordinatesHandlesLargeNegativeValues" classname="ch.hatbe.calculatingChat.commands.NetherCoordinatesCommandTest" time="0.001"/>
  <testcase name="invalidInputThrowsException" classname="ch.hatbe.calculatingChat.commands.NetherCoordinatesCommandTest" time="0.002"/>
  <testcase name="calculateNetherCoordinatesBoundaryCases(int, int, int, int)[1]" classname="ch.hatbe.calculatingChat.commands.NetherCoordinatesCommandTest" time="0.001"/>
  <testcase name="calculateNetherCoordinatesBoundaryCases(int, int, int, int)[2]" classname="ch.hatbe.calculatingChat.commands.NetherCoordinatesCommandTest" time="0.0"/>
  <testcase name="calculateNetherCoordinatesBoundaryCases(int, int, int, int)[3]" classname="ch.hatbe.calculatingChat.commands.NetherCoordinatesCommandTest" time="0.001"/>
  <testcase name="calculateNetherCoordinatesBoundaryCases(int, int, int, int)[4]" classname="ch.hatbe.calculatingChat.commands.NetherCoordinatesCommandTest" time="0.001"/>
  <testcase name="calculateNetherCoordinatesBoundaryCases(int, int, int, int)[5]" classname="ch.hatbe.calculatingChat.commands.NetherCoordinatesCommandTest" time="0.001"/>
  <testcase name="calculateNetherCoordinatesBoundaryCases(int, int, int, int)[6]" classname="ch.hatbe.calculatingChat.commands.NetherCoordinatesCommandTest" time="0.001"/>
</testsuite>